<?xml version="1.0" encoding="UTF-8"?>
<!-- Generated by org.testng.reporters.JUnitReportReporter -->
<testsuite skipped="0" hostname="APPU-PC" name="com.Blazedemo.MavenDemo.BookTicketTest" tests="1" failures="0" timestamp="21 Nov 2019 19:20:41 GMT" time="2.948" errors="0">
  <testcase name="bookTicket" time="2.948" classname="com.Blazedemo.MavenDemo.BookTicketTest"/>
</testsuite> <!-- com.Blazedemo.MavenDemo.BookTicketTest -->
