<?xml version="1.0" encoding="UTF-8"?>
<!-- Generated by org.testng.reporters.JUnitReportReporter -->
<testsuite skipped="0" hostname="APPU-PC" name="com.edureka.JenkinsDemo.VerifyTitle" tests="1" failures="0" timestamp="2019-10-01T23:17:21 EDT" time="0.014" errors="0">
  <testcase name="verifyTitle" time="0.014" classname="com.edureka.JenkinsDemo.VerifyTitle"/>
</testsuite> <!-- com.edureka.JenkinsDemo.VerifyTitle -->
