<?xml version="1.0" encoding="UTF-8"?>
<!-- Generated by org.testng.reporters.JUnitReportReporter -->
<testsuite skipped="0" hostname="APPU-PC" name="com.Blazedemo.POM.UserValidation" tests="1" failures="0" timestamp="2019-11-10T13:53:51 EST" time="0.809" errors="0">
  <testcase name="validateUser" time="0.809" classname="com.Blazedemo.POM.UserValidation"/>
</testsuite> <!-- com.Blazedemo.POM.UserValidation -->
